<?xml version="1.0" encoding="UTF-8"?>
<robot generator="Robot 3.1.2 (Python 3.8.0 on darwin)" generated="20200118 10:38:34.805" rpa="false">
<suite id="s1" name="UI" source="/Users/raianysilva/workspace/particular/projetoRobot/features/UI.robot">
<test id="s1-t1" name="Cenario 01: Pesquisar produto existente">
<kw name="Abrir navegador" library="Resource" type="setup">
<kw name="Open Browser" library="SeleniumLibrary">
<doc>Opens a new browser instance to the optional ``url``.</doc>
<arguments>
<arg>about:blank</arg>
<arg>${BROWSER}</arg>
</arguments>
<msg timestamp="20200118 10:38:34.937" level="INFO">Opening browser 'firefox' to base url 'about:blank'.</msg>
<msg timestamp="20200118 10:38:34.938" level="INFO">Firefox driver log is always forced to to: /Users/raianysilva/workspace/particular/projetoRobot/results/geckodriver-1.log</msg>
<status status="PASS" starttime="20200118 10:38:34.937" endtime="20200118 10:38:37.126"></status>
</kw>
<status status="PASS" starttime="20200118 10:38:34.936" endtime="20200118 10:38:37.127"></status>
</kw>
<kw name="Dado que eu estou na pagina home do site" library="Resource">
<kw name="Go To" library="SeleniumLibrary">
<doc>Navigates the current browser window to the provided ``url``.</doc>
<arguments>
<arg>http://automationpractice.com</arg>
</arguments>
<msg timestamp="20200118 10:38:37.128" level="INFO">Opening url 'http://automationpractice.com'</msg>
<status status="PASS" starttime="20200118 10:38:37.127" endtime="20200118 10:38:42.453"></status>
</kw>
<kw name="Title Should Be" library="SeleniumLibrary">
<doc>Verifies that the current page title equals ``title``.</doc>
<arguments>
<arg>My Store</arg>
</arguments>
<msg timestamp="20200118 10:38:42.458" level="INFO">Page title is 'My Store'.</msg>
<status status="PASS" starttime="20200118 10:38:42.454" endtime="20200118 10:38:42.458"></status>
</kw>
<status status="PASS" starttime="20200118 10:38:37.127" endtime="20200118 10:38:42.459"></status>
</kw>
<kw name="Quando eu pesquisar pelo produto &quot;Printed Chiffon Dress&quot;" library="Resource">
<kw name="Input Text" library="SeleniumLibrary">
<doc>Types the given ``text`` into the text field identified by ``locator``.</doc>
<arguments>
<arg>name=search_query</arg>
<arg>Printed Chiffon Dress</arg>
</arguments>
<msg timestamp="20200118 10:38:42.460" level="INFO">Typing text 'Printed Chiffon Dress' into text field 'name=search_query'.</msg>
<status status="PASS" starttime="20200118 10:38:42.460" endtime="20200118 10:38:42.586"></status>
</kw>
<status status="PASS" starttime="20200118 10:38:42.459" endtime="20200118 10:38:42.586"></status>
</kw>
<kw name="E clicar no botao de Pesquisa" library="Resource">
<kw name="Click Element" library="SeleniumLibrary">
<doc>Click the element identified by ``locator``.</doc>
<arguments>
<arg>name=submit_search</arg>
</arguments>
<msg timestamp="20200118 10:38:42.587" level="INFO">Clicking element 'name=submit_search'.</msg>
<status status="PASS" starttime="20200118 10:38:42.586" endtime="20200118 10:38:44.218"></status>
</kw>
<status status="PASS" starttime="20200118 10:38:42.586" endtime="20200118 10:38:44.218"></status>
</kw>
<kw name="Entao o produto &quot;Printed Chiffon Dress&quot; deve ser listado na pagina de resultado de busca" library="Resource">
<kw name="Wait Until Element Is Visible" library="SeleniumLibrary">
<doc>Waits until the element ``locator`` is visible.</doc>
<arguments>
<arg>css=#center_column &gt; h1</arg>
</arguments>
<status status="PASS" starttime="20200118 10:38:44.219" endtime="20200118 10:38:44.245"></status>
</kw>
<kw name="Title Should Be" library="SeleniumLibrary">
<doc>Verifies that the current page title equals ``title``.</doc>
<arguments>
<arg>Search - My Store</arg>
</arguments>
<msg timestamp="20200118 10:38:44.250" level="INFO">Page title is 'Search - My Store'.</msg>
<status status="PASS" starttime="20200118 10:38:44.245" endtime="20200118 10:38:44.250"></status>
</kw>
<kw name="Page Should Contain Image" library="SeleniumLibrary">
<doc>Verifies image identified by ``locator`` is found from current page.</doc>
<arguments>
<arg>xpath=//*[@id="center_column"]/ul/li[1]/div/div[1]/div/a[1]/img</arg>
</arguments>
<msg timestamp="20200118 10:38:44.257" level="INFO">Current page contains image 'xpath=//*[@id="center_column"]/ul/li[1]/div/div[1]/div/a[1]/img'.</msg>
<status status="PASS" starttime="20200118 10:38:44.250" endtime="20200118 10:38:44.257"></status>
</kw>
<kw name="Page Should Contain Link" library="SeleniumLibrary">
<doc>Verifies link identified by ``locator`` is found from current page.</doc>
<arguments>
<arg>xpath=//*[@id="center_column"]/ul/li[1]/div/div[2]/h5/a</arg>
</arguments>
<msg timestamp="20200118 10:38:44.264" level="INFO">Current page contains link 'xpath=//*[@id="center_column"]/ul/li[1]/div/div[2]/h5/a'.</msg>
<status status="PASS" starttime="20200118 10:38:44.258" endtime="20200118 10:38:44.264"></status>
</kw>
<status status="PASS" starttime="20200118 10:38:44.218" endtime="20200118 10:38:44.264"></status>
</kw>
<kw name="Fechar navegador" library="Resource" type="teardown">
<kw name="Close Browser" library="SeleniumLibrary">
<doc>Closes the current browser.</doc>
<status status="PASS" starttime="20200118 10:38:44.265" endtime="20200118 10:38:45.804"></status>
</kw>
<status status="PASS" starttime="20200118 10:38:44.265" endtime="20200118 10:38:45.804"></status>
</kw>
<status status="PASS" starttime="20200118 10:38:34.936" endtime="20200118 10:38:45.804" critical="yes"></status>
</test>
<test id="s1-t2" name="Cenario 02: Pesquisar produto não existente">
<kw name="Abrir navegador" library="Resource" type="setup">
<kw name="Open Browser" library="SeleniumLibrary">
<doc>Opens a new browser instance to the optional ``url``.</doc>
<arguments>
<arg>about:blank</arg>
<arg>${BROWSER}</arg>
</arguments>
<msg timestamp="20200118 10:38:45.806" level="INFO">Opening browser 'firefox' to base url 'about:blank'.</msg>
<msg timestamp="20200118 10:38:45.807" level="INFO">Firefox driver log is always forced to to: /Users/raianysilva/workspace/particular/projetoRobot/results/geckodriver-2.log</msg>
<status status="PASS" starttime="20200118 10:38:45.806" endtime="20200118 10:38:48.773"></status>
</kw>
<status status="PASS" starttime="20200118 10:38:45.805" endtime="20200118 10:38:48.774"></status>
</kw>
<kw name="Dado que eu estou na pagina home do site" library="Resource">
<kw name="Go To" library="SeleniumLibrary">
<doc>Navigates the current browser window to the provided ``url``.</doc>
<arguments>
<arg>http://automationpractice.com</arg>
</arguments>
<msg timestamp="20200118 10:38:48.775" level="INFO">Opening url 'http://automationpractice.com'</msg>
<status status="PASS" starttime="20200118 10:38:48.774" endtime="20200118 10:38:53.708"></status>
</kw>
<kw name="Title Should Be" library="SeleniumLibrary">
<doc>Verifies that the current page title equals ``title``.</doc>
<arguments>
<arg>My Store</arg>
</arguments>
<msg timestamp="20200118 10:38:53.712" level="INFO">Page title is 'My Store'.</msg>
<status status="PASS" starttime="20200118 10:38:53.708" endtime="20200118 10:38:53.712"></status>
</kw>
<status status="PASS" starttime="20200118 10:38:48.774" endtime="20200118 10:38:53.712"></status>
</kw>
<kw name="Quando eu pesquisar pelo produto &quot;ProdutoNaoExistente&quot;" library="Resource">
<kw name="Input Text" library="SeleniumLibrary">
<doc>Types the given ``text`` into the text field identified by ``locator``.</doc>
<arguments>
<arg>name=search_query</arg>
<arg>ProdutoNaoExistente</arg>
</arguments>
<msg timestamp="20200118 10:38:53.713" level="INFO">Typing text 'ProdutoNaoExistente' into text field 'name=search_query'.</msg>
<status status="PASS" starttime="20200118 10:38:53.713" endtime="20200118 10:38:53.826"></status>
</kw>
<status status="PASS" starttime="20200118 10:38:53.712" endtime="20200118 10:38:53.826"></status>
</kw>
<kw name="E clicar no botao de Pesquisa" library="Resource">
<kw name="Click Element" library="SeleniumLibrary">
<doc>Click the element identified by ``locator``.</doc>
<arguments>
<arg>name=submit_search</arg>
</arguments>
<msg timestamp="20200118 10:38:53.827" level="INFO">Clicking element 'name=submit_search'.</msg>
<status status="PASS" starttime="20200118 10:38:53.827" endtime="20200118 10:38:55.322"></status>
</kw>
<status status="PASS" starttime="20200118 10:38:53.827" endtime="20200118 10:38:55.323"></status>
</kw>
<kw name="Entao a pagina deve exibir a mensagem &quot;No results were found for your search &quot;ProdutoNaoExistente&quot;&quot;" library="Resource">
<kw name="Wait Until Element Is Visible" library="SeleniumLibrary">
<doc>Waits until the element ``locator`` is visible.</doc>
<arguments>
<arg>id=search_query_top</arg>
</arguments>
<status status="PASS" starttime="20200118 10:38:55.324" endtime="20200118 10:38:55.356"></status>
</kw>
<kw name="Element Text Should Be" library="SeleniumLibrary">
<doc>Verifies that element ``locator`` contains exact the text ``expected``.</doc>
<arguments>
<arg>css=#center_column &gt; p</arg>
<arg>No results were found for your search "ProdutoNaoExistente"</arg>
</arguments>
<msg timestamp="20200118 10:38:55.357" level="INFO">Verifying element 'css=#center_column &gt; p' contains exact text 'No results were found for your search "ProdutoNaoExistente"'.</msg>
<status status="PASS" starttime="20200118 10:38:55.356" endtime="20200118 10:38:55.376"></status>
</kw>
<status status="PASS" starttime="20200118 10:38:55.323" endtime="20200118 10:38:55.376"></status>
</kw>
<kw name="Fechar navegador" library="Resource" type="teardown">
<kw name="Close Browser" library="SeleniumLibrary">
<doc>Closes the current browser.</doc>
<status status="PASS" starttime="20200118 10:38:55.379" endtime="20200118 10:38:56.929"></status>
</kw>
<status status="PASS" starttime="20200118 10:38:55.377" endtime="20200118 10:38:56.929"></status>
</kw>
<status status="PASS" starttime="20200118 10:38:45.805" endtime="20200118 10:38:56.929" critical="yes"></status>
</test>
<test id="s1-t3" name="Cenario 03: Adicionar Produtos no carrinho">
<kw name="Abrir navegador" library="Resource" type="setup">
<kw name="Open Browser" library="SeleniumLibrary">
<doc>Opens a new browser instance to the optional ``url``.</doc>
<arguments>
<arg>about:blank</arg>
<arg>${BROWSER}</arg>
</arguments>
<msg timestamp="20200118 10:38:56.930" level="INFO">Opening browser 'firefox' to base url 'about:blank'.</msg>
<msg timestamp="20200118 10:38:56.931" level="INFO">Firefox driver log is always forced to to: /Users/raianysilva/workspace/particular/projetoRobot/results/geckodriver-3.log</msg>
<status status="PASS" starttime="20200118 10:38:56.930" endtime="20200118 10:38:59.899"></status>
</kw>
<status status="PASS" starttime="20200118 10:38:56.930" endtime="20200118 10:38:59.900"></status>
</kw>
<kw name="Dado que eu estou na pagina home do site" library="Resource">
<kw name="Go To" library="SeleniumLibrary">
<doc>Navigates the current browser window to the provided ``url``.</doc>
<arguments>
<arg>http://automationpractice.com</arg>
</arguments>
<msg timestamp="20200118 10:38:59.901" level="INFO">Opening url 'http://automationpractice.com'</msg>
<status status="PASS" starttime="20200118 10:38:59.901" endtime="20200118 10:39:05.387"></status>
</kw>
<kw name="Title Should Be" library="SeleniumLibrary">
<doc>Verifies that the current page title equals ``title``.</doc>
<arguments>
<arg>My Store</arg>
</arguments>
<msg timestamp="20200118 10:39:05.391" level="INFO">Page title is 'My Store'.</msg>
<status status="PASS" starttime="20200118 10:39:05.387" endtime="20200118 10:39:05.392"></status>
</kw>
<status status="PASS" starttime="20200118 10:38:59.900" endtime="20200118 10:39:05.392"></status>
</kw>
<kw name="Quando eu pesquisar pelo produto &quot;t-shirt&quot;" library="Resource">
<kw name="Input Text" library="SeleniumLibrary">
<doc>Types the given ``text`` into the text field identified by ``locator``.</doc>
<arguments>
<arg>name=search_query</arg>
<arg>t-shirt</arg>
</arguments>
<msg timestamp="20200118 10:39:05.393" level="INFO">Typing text 't-shirt' into text field 'name=search_query'.</msg>
<status status="PASS" starttime="20200118 10:39:05.393" endtime="20200118 10:39:05.490"></status>
</kw>
<status status="PASS" starttime="20200118 10:39:05.392" endtime="20200118 10:39:05.490"></status>
</kw>
<kw name="E adicionar o produto no carrinho" library="Resource">
<kw name="Wait Until Element Is Visible" library="SeleniumLibrary">
<doc>Waits until the element ``locator`` is visible.</doc>
<arguments>
<arg>xpath=//*[@id="center_column"]//img[@alt="Faded Short Sleeve T-shirts"]</arg>
</arguments>
<status status="PASS" starttime="20200118 10:39:05.491" endtime="20200118 10:39:05.514"></status>
</kw>
<kw name="Click Element" library="SeleniumLibrary">
<doc>Click the element identified by ``locator``.</doc>
<arguments>
<arg>xpath=//*[@id="center_column"]//img[@alt="Faded Short Sleeve T-shirts"]</arg>
</arguments>
<msg timestamp="20200118 10:39:05.514" level="INFO">Clicking element 'xpath=//*[@id="center_column"]//img[@alt="Faded Short Sleeve T-shirts"]'.</msg>
<status status="PASS" starttime="20200118 10:39:05.514" endtime="20200118 10:39:07.145"></status>
</kw>
<kw name="Wait Until Element Is Visible" library="SeleniumLibrary">
<doc>Waits until the element ``locator`` is visible.</doc>
<arguments>
<arg>xpath=//*[@id="add_to_cart"]/button</arg>
</arguments>
<status status="PASS" starttime="20200118 10:39:07.145" endtime="20200118 10:39:07.162"></status>
</kw>
<kw name="Click Button" library="SeleniumLibrary">
<doc>Clicks the button identified by ``locator``.</doc>
<arguments>
<arg>xpath=//*[@id="add_to_cart"]/button</arg>
</arguments>
<msg timestamp="20200118 10:39:07.163" level="INFO">Clicking button 'xpath=//*[@id="add_to_cart"]/button'.</msg>
<status status="PASS" starttime="20200118 10:39:07.163" endtime="20200118 10:39:07.411"></status>
</kw>
<status status="PASS" starttime="20200118 10:39:05.490" endtime="20200118 10:39:07.411"></status>
</kw>
<kw name="Então a tela do carrinho deve ser mostrada juntamente cos dados e valores do produto" library="Resource">
<kw name="Wait Until Element Is Visible" library="SeleniumLibrary">
<doc>Waits until the element ``locator`` is visible.</doc>
<arguments>
<arg>xpath=//*[@id="layer_cart"]//a[@title="Proceed to checkout"]</arg>
</arguments>
<status status="PASS" starttime="20200118 10:39:07.412" endtime="20200118 10:39:08.324"></status>
</kw>
<kw name="Click Element" library="SeleniumLibrary">
<doc>Click the element identified by ``locator``.</doc>
<arguments>
<arg>xpath=//*[@id="layer_cart"]//a[@title="Proceed to checkout"]</arg>
</arguments>
<msg timestamp="20200118 10:39:08.325" level="INFO">Clicking element 'xpath=//*[@id="layer_cart"]//a[@title="Proceed to checkout"]'.</msg>
<status status="PASS" starttime="20200118 10:39:08.324" endtime="20200118 10:39:09.687"></status>
</kw>
<status status="PASS" starttime="20200118 10:39:07.411" endtime="20200118 10:39:09.688"></status>
</kw>
<kw name="Fechar navegador" library="Resource" type="teardown">
<kw name="Close Browser" library="SeleniumLibrary">
<doc>Closes the current browser.</doc>
<status status="PASS" starttime="20200118 10:39:09.689" endtime="20200118 10:39:10.232"></status>
</kw>
<status status="PASS" starttime="20200118 10:39:09.688" endtime="20200118 10:39:10.232"></status>
</kw>
<status status="PASS" starttime="20200118 10:38:56.929" endtime="20200118 10:39:10.232" critical="yes"></status>
</test>
<status status="PASS" starttime="20200118 10:38:34.807" endtime="20200118 10:39:10.233"></status>
</suite>
<statistics>
<total>
<stat pass="3" fail="0">Critical Tests</stat>
<stat pass="3" fail="0">All Tests</stat>
</total>
<tag>
</tag>
<suite>
<stat pass="3" fail="0" id="s1" name="UI">UI</stat>
</suite>
</statistics>
<errors>
</errors>
</robot>
