<?xml version="1.0" encoding="UTF-8"?>
<robot generator="Robot 3.1.2 (Python 3.8.0 on darwin)" generated="20200118 11:19:44.529" rpa="false">
<suite id="s1" name="UI" source="/Users/raianysilva/workspace/particular/projetoRobot/features/UI.robot">
<test id="s1-t1" name="Scenario 01: Search existing product">
<kw name="Open navigator" library="Resource" type="setup">
<kw name="Open Browser" library="SeleniumLibrary">
<doc>Opens a new browser instance to the optional ``url``.</doc>
<arguments>
<arg>about:blank</arg>
<arg>${BROWSER}</arg>
</arguments>
<msg timestamp="20200118 11:19:44.659" level="INFO">Opening browser 'firefox' to base url 'about:blank'.</msg>
<msg timestamp="20200118 11:19:44.659" level="INFO">Firefox driver log is always forced to to: /Users/raianysilva/workspace/particular/projetoRobot/results/geckodriver-1.log</msg>
<status status="PASS" starttime="20200118 11:19:44.658" endtime="20200118 11:19:46.622"></status>
</kw>
<status status="PASS" starttime="20200118 11:19:44.658" endtime="20200118 11:19:46.622"></status>
</kw>
<kw name="Given that I'm on the home page of the site" library="Resource">
<kw name="Go To" library="SeleniumLibrary">
<doc>Navigates the current browser window to the provided ``url``.</doc>
<arguments>
<arg>http://automationpractice.com</arg>
</arguments>
<msg timestamp="20200118 11:19:46.623" level="INFO">Opening url 'http://automationpractice.com'</msg>
<status status="PASS" starttime="20200118 11:19:46.623" endtime="20200118 11:19:52.030"></status>
</kw>
<kw name="Title Should Be" library="SeleniumLibrary">
<doc>Verifies that the current page title equals ``title``.</doc>
<arguments>
<arg>My Store</arg>
</arguments>
<msg timestamp="20200118 11:19:52.036" level="INFO">Page title is 'My Store'.</msg>
<status status="PASS" starttime="20200118 11:19:52.031" endtime="20200118 11:19:52.036"></status>
</kw>
<status status="PASS" starttime="20200118 11:19:46.623" endtime="20200118 11:19:52.036"></status>
</kw>
<kw name="When I search for &quot;Printed Chiffon Dress&quot;" library="Resource">
<kw name="Input Text" library="SeleniumLibrary">
<doc>Types the given ``text`` into the text field identified by ``locator``.</doc>
<arguments>
<arg>name=search_query</arg>
<arg>Printed Chiffon Dress</arg>
</arguments>
<msg timestamp="20200118 11:19:52.037" level="INFO">Typing text 'Printed Chiffon Dress' into text field 'name=search_query'.</msg>
<status status="PASS" starttime="20200118 11:19:52.037" endtime="20200118 11:19:52.164"></status>
</kw>
<status status="PASS" starttime="20200118 11:19:52.037" endtime="20200118 11:19:52.165"></status>
</kw>
<kw name="And click on the Search button" library="Resource">
<kw name="Click Element" library="SeleniumLibrary">
<doc>Click the element identified by ``locator``.</doc>
<arguments>
<arg>name=submit_search</arg>
</arguments>
<msg timestamp="20200118 11:19:52.166" level="INFO">Clicking element 'name=submit_search'.</msg>
<status status="PASS" starttime="20200118 11:19:52.165" endtime="20200118 11:19:54.324"></status>
</kw>
<status status="PASS" starttime="20200118 11:19:52.165" endtime="20200118 11:19:54.325"></status>
</kw>
<kw name="Then the product &quot;Printed Chiffon Dress&quot; should be listed on the search result page" library="Resource">
<kw name="Wait Until Element Is Visible" library="SeleniumLibrary">
<doc>Waits until the element ``locator`` is visible.</doc>
<arguments>
<arg>css=#center_column &gt; h1</arg>
</arguments>
<status status="PASS" starttime="20200118 11:19:54.325" endtime="20200118 11:19:54.350"></status>
</kw>
<kw name="Title Should Be" library="SeleniumLibrary">
<doc>Verifies that the current page title equals ``title``.</doc>
<arguments>
<arg>Search - My Store</arg>
</arguments>
<msg timestamp="20200118 11:19:54.353" level="INFO">Page title is 'Search - My Store'.</msg>
<status status="PASS" starttime="20200118 11:19:54.350" endtime="20200118 11:19:54.353"></status>
</kw>
<kw name="Page Should Contain Image" library="SeleniumLibrary">
<doc>Verifies image identified by ``locator`` is found from current page.</doc>
<arguments>
<arg>xpath=//*[@id="center_column"]/ul/li[1]/div/div[1]/div/a[1]/img</arg>
</arguments>
<msg timestamp="20200118 11:19:54.363" level="INFO">Current page contains image 'xpath=//*[@id="center_column"]/ul/li[1]/div/div[1]/div/a[1]/img'.</msg>
<status status="PASS" starttime="20200118 11:19:54.353" endtime="20200118 11:19:54.363"></status>
</kw>
<kw name="Page Should Contain Link" library="SeleniumLibrary">
<doc>Verifies link identified by ``locator`` is found from current page.</doc>
<arguments>
<arg>xpath=//*[@id="center_column"]/ul/li[1]/div/div[2]/h5/a</arg>
</arguments>
<msg timestamp="20200118 11:19:54.370" level="INFO">Current page contains link 'xpath=//*[@id="center_column"]/ul/li[1]/div/div[2]/h5/a'.</msg>
<status status="PASS" starttime="20200118 11:19:54.363" endtime="20200118 11:19:54.370"></status>
</kw>
<status status="PASS" starttime="20200118 11:19:54.325" endtime="20200118 11:19:54.371"></status>
</kw>
<kw name="Close navigator" library="Resource" type="teardown">
<kw name="Close Browser" library="SeleniumLibrary">
<doc>Closes the current browser.</doc>
<status status="PASS" starttime="20200118 11:19:54.371" endtime="20200118 11:19:54.875"></status>
</kw>
<status status="PASS" starttime="20200118 11:19:54.371" endtime="20200118 11:19:54.875"></status>
</kw>
<status status="PASS" starttime="20200118 11:19:44.657" endtime="20200118 11:19:54.875" critical="yes"></status>
</test>
<test id="s1-t2" name="Scenario 02: Search for non-existent product">
<kw name="Open navigator" library="Resource" type="setup">
<kw name="Open Browser" library="SeleniumLibrary">
<doc>Opens a new browser instance to the optional ``url``.</doc>
<arguments>
<arg>about:blank</arg>
<arg>${BROWSER}</arg>
</arguments>
<msg timestamp="20200118 11:19:54.877" level="INFO">Opening browser 'firefox' to base url 'about:blank'.</msg>
<msg timestamp="20200118 11:19:54.877" level="INFO">Firefox driver log is always forced to to: /Users/raianysilva/workspace/particular/projetoRobot/results/geckodriver-2.log</msg>
<status status="PASS" starttime="20200118 11:19:54.877" endtime="20200118 11:19:57.849"></status>
</kw>
<status status="PASS" starttime="20200118 11:19:54.876" endtime="20200118 11:19:57.850"></status>
</kw>
<kw name="Given that I'm on the home page of the site" library="Resource">
<kw name="Go To" library="SeleniumLibrary">
<doc>Navigates the current browser window to the provided ``url``.</doc>
<arguments>
<arg>http://automationpractice.com</arg>
</arguments>
<msg timestamp="20200118 11:19:57.851" level="INFO">Opening url 'http://automationpractice.com'</msg>
<status status="PASS" starttime="20200118 11:19:57.851" endtime="20200118 11:20:02.887"></status>
</kw>
<kw name="Title Should Be" library="SeleniumLibrary">
<doc>Verifies that the current page title equals ``title``.</doc>
<arguments>
<arg>My Store</arg>
</arguments>
<msg timestamp="20200118 11:20:02.890" level="INFO">Page title is 'My Store'.</msg>
<status status="PASS" starttime="20200118 11:20:02.887" endtime="20200118 11:20:02.891"></status>
</kw>
<status status="PASS" starttime="20200118 11:19:57.850" endtime="20200118 11:20:02.891"></status>
</kw>
<kw name="When I search for the product &quot;ProductNonExistent&quot;" library="Resource">
<kw name="Input Text" library="SeleniumLibrary">
<doc>Types the given ``text`` into the text field identified by ``locator``.</doc>
<arguments>
<arg>name=search_query</arg>
<arg>ProdutoNaoExistente</arg>
</arguments>
<msg timestamp="20200118 11:20:02.894" level="INFO">Typing text 'ProdutoNaoExistente' into text field 'name=search_query'.</msg>
<status status="PASS" starttime="20200118 11:20:02.894" endtime="20200118 11:20:03.015"></status>
</kw>
<status status="PASS" starttime="20200118 11:20:02.891" endtime="20200118 11:20:03.015"></status>
</kw>
<kw name="And click on the Search button" library="Resource">
<kw name="Click Element" library="SeleniumLibrary">
<doc>Click the element identified by ``locator``.</doc>
<arguments>
<arg>name=submit_search</arg>
</arguments>
<msg timestamp="20200118 11:20:03.016" level="INFO">Clicking element 'name=submit_search'.</msg>
<status status="PASS" starttime="20200118 11:20:03.015" endtime="20200118 11:20:04.585"></status>
</kw>
<status status="PASS" starttime="20200118 11:20:03.015" endtime="20200118 11:20:04.586"></status>
</kw>
<kw name="Then the page should display the message &quot;No results were found for your search &quot;ProductNonExistent&quot;&quot;" library="Resource">
<kw name="Wait Until Element Is Visible" library="SeleniumLibrary">
<doc>Waits until the element ``locator`` is visible.</doc>
<arguments>
<arg>id=search_query_top</arg>
</arguments>
<status status="PASS" starttime="20200118 11:20:04.586" endtime="20200118 11:20:04.615"></status>
</kw>
<kw name="Element Text Should Be" library="SeleniumLibrary">
<doc>Verifies that element ``locator`` contains exact the text ``expected``.</doc>
<arguments>
<arg>css=#center_column &gt; p</arg>
<arg>No results were found for your search "ProdutoNaoExistente"</arg>
</arguments>
<msg timestamp="20200118 11:20:04.615" level="INFO">Verifying element 'css=#center_column &gt; p' contains exact text 'No results were found for your search "ProdutoNaoExistente"'.</msg>
<status status="PASS" starttime="20200118 11:20:04.615" endtime="20200118 11:20:04.642"></status>
</kw>
<status status="PASS" starttime="20200118 11:20:04.586" endtime="20200118 11:20:04.642"></status>
</kw>
<kw name="Close navigator" library="Resource" type="teardown">
<kw name="Close Browser" library="SeleniumLibrary">
<doc>Closes the current browser.</doc>
<status status="PASS" starttime="20200118 11:20:04.643" endtime="20200118 11:20:06.193"></status>
</kw>
<status status="PASS" starttime="20200118 11:20:04.643" endtime="20200118 11:20:06.193"></status>
</kw>
<status status="PASS" starttime="20200118 11:19:54.876" endtime="20200118 11:20:06.193" critical="yes"></status>
</test>
<test id="s1-t3" name="Scenario 03: Add Products to Cart">
<kw name="Open navigator" library="Resource" type="setup">
<kw name="Open Browser" library="SeleniumLibrary">
<doc>Opens a new browser instance to the optional ``url``.</doc>
<arguments>
<arg>about:blank</arg>
<arg>${BROWSER}</arg>
</arguments>
<msg timestamp="20200118 11:20:06.195" level="INFO">Opening browser 'firefox' to base url 'about:blank'.</msg>
<msg timestamp="20200118 11:20:06.196" level="INFO">Firefox driver log is always forced to to: /Users/raianysilva/workspace/particular/projetoRobot/results/geckodriver-3.log</msg>
<status status="PASS" starttime="20200118 11:20:06.195" endtime="20200118 11:20:09.248"></status>
</kw>
<status status="PASS" starttime="20200118 11:20:06.194" endtime="20200118 11:20:09.249"></status>
</kw>
<kw name="Given that I'm on the home page of the site" library="Resource">
<kw name="Go To" library="SeleniumLibrary">
<doc>Navigates the current browser window to the provided ``url``.</doc>
<arguments>
<arg>http://automationpractice.com</arg>
</arguments>
<msg timestamp="20200118 11:20:09.250" level="INFO">Opening url 'http://automationpractice.com'</msg>
<status status="PASS" starttime="20200118 11:20:09.250" endtime="20200118 11:20:14.488"></status>
</kw>
<kw name="Title Should Be" library="SeleniumLibrary">
<doc>Verifies that the current page title equals ``title``.</doc>
<arguments>
<arg>My Store</arg>
</arguments>
<msg timestamp="20200118 11:20:14.500" level="INFO">Page title is 'My Store'.</msg>
<status status="PASS" starttime="20200118 11:20:14.488" endtime="20200118 11:20:14.500"></status>
</kw>
<status status="PASS" starttime="20200118 11:20:09.249" endtime="20200118 11:20:14.500"></status>
</kw>
<kw name="When I search for the product &quot;t-shirt&quot;" library="Resource">
<kw name="Input Text" library="SeleniumLibrary">
<doc>Types the given ``text`` into the text field identified by ``locator``.</doc>
<arguments>
<arg>name=search_query</arg>
<arg>t-shirt</arg>
</arguments>
<msg timestamp="20200118 11:20:14.501" level="INFO">Typing text 't-shirt' into text field 'name=search_query'.</msg>
<status status="PASS" starttime="20200118 11:20:14.501" endtime="20200118 11:20:14.585"></status>
</kw>
<status status="PASS" starttime="20200118 11:20:14.500" endtime="20200118 11:20:14.585"></status>
</kw>
<kw name="And add the product to the cart" library="Resource">
<kw name="Wait Until Element Is Visible" library="SeleniumLibrary">
<doc>Waits until the element ``locator`` is visible.</doc>
<arguments>
<arg>xpath=//*[@id="center_column"]//img[@alt="Faded Short Sleeve T-shirts"]</arg>
</arguments>
<status status="PASS" starttime="20200118 11:20:14.586" endtime="20200118 11:20:14.611"></status>
</kw>
<kw name="Click Element" library="SeleniumLibrary">
<doc>Click the element identified by ``locator``.</doc>
<arguments>
<arg>xpath=//*[@id="center_column"]//img[@alt="Faded Short Sleeve T-shirts"]</arg>
</arguments>
<msg timestamp="20200118 11:20:14.611" level="INFO">Clicking element 'xpath=//*[@id="center_column"]//img[@alt="Faded Short Sleeve T-shirts"]'.</msg>
<status status="PASS" starttime="20200118 11:20:14.611" endtime="20200118 11:20:16.473"></status>
</kw>
<kw name="Wait Until Element Is Visible" library="SeleniumLibrary">
<doc>Waits until the element ``locator`` is visible.</doc>
<arguments>
<arg>xpath=//*[@id="add_to_cart"]/button</arg>
</arguments>
<status status="PASS" starttime="20200118 11:20:16.473" endtime="20200118 11:20:16.495"></status>
</kw>
<kw name="Click Button" library="SeleniumLibrary">
<doc>Clicks the button identified by ``locator``.</doc>
<arguments>
<arg>xpath=//*[@id="add_to_cart"]/button</arg>
</arguments>
<msg timestamp="20200118 11:20:16.496" level="INFO">Clicking button 'xpath=//*[@id="add_to_cart"]/button'.</msg>
<status status="PASS" starttime="20200118 11:20:16.496" endtime="20200118 11:20:16.746"></status>
</kw>
<status status="PASS" starttime="20200118 11:20:14.586" endtime="20200118 11:20:16.747"></status>
</kw>
<kw name="Then the cart screen should be shown together with the product data and values" library="Resource">
<kw name="Wait Until Element Is Visible" library="SeleniumLibrary">
<doc>Waits until the element ``locator`` is visible.</doc>
<arguments>
<arg>xpath=//*[@id="layer_cart"]//a[@title="Proceed to checkout"]</arg>
</arguments>
<status status="PASS" starttime="20200118 11:20:16.747" endtime="20200118 11:20:17.441"></status>
</kw>
<kw name="Click Element" library="SeleniumLibrary">
<doc>Click the element identified by ``locator``.</doc>
<arguments>
<arg>xpath=//*[@id="layer_cart"]//a[@title="Proceed to checkout"]</arg>
</arguments>
<msg timestamp="20200118 11:20:17.442" level="INFO">Clicking element 'xpath=//*[@id="layer_cart"]//a[@title="Proceed to checkout"]'.</msg>
<status status="PASS" starttime="20200118 11:20:17.441" endtime="20200118 11:20:18.741"></status>
</kw>
<status status="PASS" starttime="20200118 11:20:16.747" endtime="20200118 11:20:18.742"></status>
</kw>
<kw name="Close navigator" library="Resource" type="teardown">
<kw name="Close Browser" library="SeleniumLibrary">
<doc>Closes the current browser.</doc>
<status status="PASS" starttime="20200118 11:20:18.743" endtime="20200118 11:20:19.299"></status>
</kw>
<status status="PASS" starttime="20200118 11:20:18.742" endtime="20200118 11:20:19.299"></status>
</kw>
<status status="PASS" starttime="20200118 11:20:06.194" endtime="20200118 11:20:19.299" critical="yes"></status>
</test>
<status status="PASS" starttime="20200118 11:19:44.531" endtime="20200118 11:20:19.300"></status>
</suite>
<statistics>
<total>
<stat pass="3" fail="0">Critical Tests</stat>
<stat pass="3" fail="0">All Tests</stat>
</total>
<tag>
</tag>
<suite>
<stat pass="3" fail="0" id="s1" name="UI">UI</stat>
</suite>
</statistics>
<errors>
</errors>
</robot>
